<?xml version="1.0" encoding="UTF-8"?>
<!-- Generated by org.testng.reporters.JUnitReportReporter -->
<testsuite hostname="RBGPS" failures="0" tests="2" name="LetsKode.Myselenium.AppTest" time="0.540" errors="0" timestamp="2023-10-01T01:39:40 BDT" skipped="0">
  <testcase classname="LetsKode.Myselenium.AppTest" name="testing" time="0.367"/>
  <system-out/>
  <testcase classname="LetsKode.Myselenium.AppTest" name="testing2" time="0.173"/>
  <system-out/>
</testsuite> <!-- LetsKode.Myselenium.AppTest -->
